    2.9190575412e+02    6.0370848166e+01   -1.2661116293e+04   -4.9994464497e+00   -6.5911293620e-01   -3.2611591250e-02    4.9714490141e-03   -2.2935349004e-02   -2.1304421853e-01    9.8895515408e+01    4.2644116112e+01    3.3500000000e+00
    3.1154495438e+02    6.4432553563e+01   -1.2658780663e+04   -7.9348768924e+00   -9.1770641791e-01   -5.1105144021e-03   -2.3643357815e-02   -2.8999523803e-03   -1.0742802848e-01    9.9395515408e+01    4.2633140165e+01    3.3500000000e+00
    3.0784623931e+02    6.3667599250e+01   -1.2652070786e+04   -1.3316530012e+01   -1.0571607935e+00   -4.0261187487e-02    2.5311398740e-02    3.8352938592e-02   -1.4249639166e-01    9.9895515408e+01    4.2596641595e+01    3.3500000000e+00
    3.0485956425e+02    6.3049906368e+01   -1.2646657711e+04   -1.7308405355e+01   -9.4887055205e-01   -4.5862743198e-02   -1.7529774232e-02   -1.0867841928e-02   -5.7657585306e-02    1.0039551541e+02    4.2595881205e+01    3.3500000000e+00
    2.9642481464e+02    6.1305463236e+01   -1.2635328519e+04   -2.2030405343e+01   -1.6385838210e+00   -5.4678041034e-02   -3.3697738844e-02   -3.8879704754e-02   -5.6057316149e-02    1.0089551541e+02    4.2593621790e+01    3.3500000000e+00
    2.9492411894e+02    6.0995095004e+01   -1.2626527544e+04   -2.6117152641e+01   -1.1981120901e+00   -1.3472398587e-02   -9.3516509697e-03    5.1206785406e-02   -7.1741356220e-02    1.0139551541e+02    4.2550838251e+01    3.3500000000e+00
    3.0360896404e+02    6.2791261944e+01   -1.2613223084e+04   -3.0271167250e+01   -1.0101731726e+00   -4.4995815567e-02   -7.9810991593e-02    3.2668988562e-02   -8.3536296198e-02    1.0189551541e+02    4.2537627404e+01    3.3500000000e+00
    2.9797241161e+02    6.1625531409e+01   -1.2596728860e+04   -3.4828319031e+01   -1.7525541027e+00   -7.3683943284e-02    1.0074512791e-01   -1.6511890785e-02   -8.2185092388e-02    1.0239551541e+02    4.2523334314e+01    3.3500000000e+00
    2.9401789234e+02    6.0807672634e+01   -1.2583067478e+04   -3.8914974132e+01   -1.2195293533e+00   -5.2040865008e-02   -1.0860519443e-02    4.9334477350e-02    1.1317556897e-02    1.0289551541e+02    4.2503408579e+01    3.3500000000e+00
    3.0289179399e+02    6.2642939536e+01   -1.2565844560e+04   -4.2885342664e+01   -1.6822817861e+00   -2.4467494824e-02    8.9414015727e-02    1.0312295307e-02   -3.3432841662e-02    1.0339551541e+02    4.2494093337e+01    3.3500000000e+00
    2.9051212609e+02    6.0082623268e+01   -1.2544662926e+04   -4.6887358165e+01   -1.6318511167e+00   -4.1925867257e-02   -2.9943915179e-02   -6.4270804676e-03    6.3433816078e-02    1.0389551541e+02    4.2465166096e+01    3.3500000000e+00
    3.2106671867e+02    6.6401808977e+01   -1.2523259653e+04   -5.0786750964e+01   -1.3389398322e+00   -1.4720438122e-02   -3.2265336764e-02   -4.8732690770e-03   -1.7053955184e-02    1.0439551541e+02    4.2453874548e+01    3.3500000000e+00
    3.0659246385e+02    6.3408298133e+01   -1.2498123145e+04   -5.4705515990e+01   -2.2137137299e+00   -6.8950237604e-02    1.1275483963e-01   -1.9284808605e-02    3.9293642903e-02    1.0489551541e+02    4.2435791257e+01    3.3500000000e+00
    2.9525639874e+02    6.1063815862e+01   -1.2474612532e+04   -5.8234530748e+01   -1.1963544372e+00   -2.5029987327e-02    5.6023544730e-03   -1.7936343049e-02    5.7357365908e-02    1.0539551541e+02    4.2389179824e+01    3.3500000000e+00
    3.0565604318e+02    6.3214631139e+01   -1.2449058661e+04   -6.1725813529e+01   -1.2080313327e+00   -2.6353223379e-02    1.3435608530e-02    1.9465164316e-02    2.8399092238e-02    1.0589551541e+02    4.2363540671e+01    3.3500000000e+00
    2.9169371067e+02    6.0326994139e+01   -1.2417039608e+04   -6.5178470783e+01   -1.2516530776e+00   -6.3488960000e-02    5.6620042915e-02   -6.8109192956e-03   -9.5820963693e-03    1.0639551541e+02    4.2327501268e+01    3.3500000000e+00
    3.0532704503e+02    6.3146588982e+01   -1.2388987673e+04   -6.8438640437e+01   -1.1164980597e+00   -3.2963489250e-02   -7.3452860841e-04    4.0110641678e-02    3.0061789125e-02    1.0689551541e+02    4.2320690970e+01    3.3500000000e+00
    3.0907026700e+02    6.3920748044e+01   -1.2357830613e+04   -7.1713052059e+01   -1.8521064129e+00   -3.4534204517e-02   -6.4166220450e-02    3.4539177733e-02   -3.5067583563e-02    1.0739551541e+02    4.2321043291e+01    3.3500000000e+00
    2.9415330861e+02    6.0835678917e+01   -1.2323466202e+04   -7.4873021764e+01   -2.3300781685e+00   -5.2884519315e-02    3.5231275735e-02    4.4423439062e-02    4.7843054169e-02    1.0789551541e+02    4.2328962771e+01    3.3500000000e+00
    2.9791432708e+02    6.1613518586e+01   -1.2290888088e+04   -7.7911389084e+01   -1.6465514181e+00   -2.8578817171e-02    1.9310864675e-02   -2.9046997772e-02    6.1409432776e-02    1.0839551541e+02    4.2278836188e+01    3.3500000000e+00
    2.9734999948e+02    6.1496806478e+01   -1.2251614571e+04   -8.0942650137e+01   -2.3319931042e+00   -8.2798451457e-02   -2.3271468854e-02   -5.0007719180e-02   -1.6015158601e-02    1.0889551541e+02    4.2270947792e+01    3.3500000000e+00
    3.0738091179e+02    6.3571361965e+01   -1.2218162349e+04   -8.3733458978e+01   -2.5260941941e+00   -3.4863358097e-02   -3.1936284002e-02   -1.4722710944e-02    5.4534108597e-02    1.0939551541e+02    4.2277191176e+01    3.3500000000e+00
    3.0714771430e+02    6.3523132939e+01   -1.2180902444e+04   -8.6479863796e+01   -2.1907040622e+00   -8.3498370732e-03   -1.8605418575e-02   -1.9103932372e-02    1.1603461297e-02    1.0989551541e+02    4.2243609070e+01    3.3500000000e+00
    3.1551695415e+02    6.5254027590e+01   -1.2140498941e+04   -8.9271440921e+01   -2.8899281198e+00   -4.4296716520e-02    1.0463910469e-02    2.7413353093e-02    8.7623246511e-03    1.1039551541e+02    4.2219256812e+01    3.3500000000e+00
    3.0957624083e+02    6.4025391644e+01   -1.2099597684e+04   -9.1808041214e+01   -2.3277441647e+00   -3.7396937837e-02    1.2221136280e-02    8.2256776817e-03    7.9146234571e-02    1.1089551541e+02    4.2186845459e+01    3.3500000000e+00
    2.8459722250e+02    5.8859325196e+01   -1.2058301045e+04   -9.4295326970e+01   -1.4656891303e+00   -7.2408496932e-02    2.1694509877e-02    3.9098958295e-02    5.3357557865e-02    1.1139551541e+02    4.2120916196e+01    3.3500000000e+00
    2.9575225164e+02    6.1166366290e+01   -1.2015674776e+04   -9.6650487500e+01   -1.8103206180e+00   -4.6710548381e-02    1.0013998689e-01   -2.3512955691e-02    1.7391366266e-02    1.1189551541e+02    4.2091066935e+01    3.3500000000e+00
    3.0170273259e+02    6.2397022338e+01   -1.1975147301e+04   -9.8770641545e+01   -1.0565941300e+00   -3.4394863333e-02   -1.4647678638e-02    2.8300618583e-02    2.9459889766e-02    1.1239551541e+02    4.2054756755e+01    3.3500000000e+00
    2.9235261175e+02    6.0463265577e+01   -1.1928638446e+04   -1.0097893145e+02   -1.6878746223e+00   -5.2452827601e-02    1.5916682679e-02   -9.9667650299e-03    1.5807242701e-01    1.1289551541e+02    4.2028301466e+01    3.3500000000e+00
    2.9301808148e+02    6.0600895519e+01   -1.1882633016e+04   -1.0304823608e+02   -1.1613266951e+00   -4.6809198075e-02    3.1936257909e-02    3.4145751065e-02   -1.5043553186e-02    1.1339551541e+02    4.1985370080e+01    3.3500000000e+00
    2.9726098461e+02    6.1478396757e+01   -1.1834155770e+04   -1.0468157429e+02   -1.7747191971e+00   -4.6692699792e-02   -5.7088539041e-02    1.8717368262e-02    7.2519176874e-02    1.1389551541e+02    4.2001408443e+01    3.3500000000e+00
    3.0447469603e+02    6.2970309372e+01   -1.1790794284e+04   -1.0661062720e+02   -2.5984757772e+00   -2.1044914772e-02   -7.4670806685e-02    4.3271667928e-02   -3.7881446461e-02    1.1439551541e+02    4.1974613833e+01    3.3500000000e+00
    2.9818351110e+02    6.1669190210e+01   -1.1741752838e+04   -1.0794196379e+02   -1.7149172468e+00   -3.0298590343e-02    3.8332037713e-02   -4.3203473414e-03   -1.7056166780e-02    1.1489551541e+02    4.1959887592e+01    3.3500000000e+00
    2.9964004304e+02    6.1970424657e+01   -1.1691652703e+04   -1.0949811618e+02   -2.0879632534e+00   -4.3909578594e-02    1.7484198023e-02    2.4139234924e-02   -8.3792194616e-02    1.1539551541e+02    4.1909726721e+01    3.3500000000e+00
    3.0823424996e+02    6.3747846151e+01   -1.1640980241e+04   -1.1078364513e+02   -2.4598046389e+00   -5.9784052725e-02   -1.6544420820e-02   -2.1118136492e-02   -9.3071877894e-03    1.1589551541e+02    4.1895266127e+01    3.3500000000e+00
    2.9447058919e+02    6.0901297691e+01   -1.1595144431e+04   -1.1197541189e+02   -2.0430042914e+00   -7.3903538890e-03   -4.9032629232e-02   -1.1098967448e-02   -1.0733670286e-01    1.1639551541e+02    4.1857889048e+01    3.3500000000e+00
    3.1101186421e+02    6.4322301864e+01   -1.1543420834e+04   -1.1301942097e+02   -2.2976397076e+00   -3.0465428115e-02    2.9073869881e-02    6.1993549005e-03    9.1395520787e-02    1.1689551541e+02    4.1838274685e+01    3.3500000000e+00
    2.9379116646e+02    6.0760782042e+01   -1.1493444510e+04   -1.1380518201e+02   -2.7515514653e+00   -4.6199136792e-02    2.2648311226e-02   -3.7816463285e-02    2.2337168866e-01    1.1739551541e+02    4.1799529242e+01    3.3500000000e+00
    3.0915324723e+02    6.3937909704e+01   -1.1442615680e+04   -1.1455026745e+02   -1.9855005324e+00   -2.7704822715e-02    4.0967175017e-02   -1.4533775687e-02    6.7417479608e-02    1.1789551541e+02    4.1769400107e+01    3.3500000000e+00
    2.9158942395e+02    6.0305425953e+01   -1.1390230120e+04   -1.1545492507e+02   -3.0858675230e+00   -4.9113663026e-02   -5.7000633813e-02   -5.6013661966e-04   -2.7462379315e-01    1.1839551541e+02    4.1784868621e+01    3.3500000000e+00
    8.9240281460e+02    1.8456338754e+02   -1.1527875714e+04   -9.4760156150e+01   -3.7704034828e-01    7.7695385590e-02   -4.4084303517e-02   -2.3438281025e-01   -1.0375698090e+00    1.1889551541e+02    4.1774327787e+01    3.3500000000e+00
    3.1990605697e+02    6.6161765297e+01   -1.2526751670e+04   -1.0239499229e+01   -3.3296533987e-01   -3.6535828640e-01   -1.3548876842e-01    1.1415494752e-01    6.1614372985e-01    1.1939551541e+02    4.1850809627e+01    3.3500000000e+00
    2.9053846114e+02    6.0088069783e+01   -1.2533352417e+04   -7.6811581270e+00    2.0788793396e+00   -1.5796814260e-01    9.0799288717e-02    1.2778347215e-01   -9.5577955414e-01    1.1989551541e+02    4.1880956811e+01    3.3500000000e+00
    3.0061397609e+02    6.2171849821e+01   -1.2531664505e+04   -7.1541922268e+00    1.1766504717e+00   -2.6581262631e-01   -5.1454181117e-02   -2.3127266111e-01   -2.6446392505e-01    1.2039551541e+02    4.1887487535e+01    3.3500000000e+00
    3.0420762861e+02    6.2915075494e+01   -1.2533087895e+04   -4.8508765988e+00    1.3479775282e+00   -1.5584476622e-01   -1.5552674975e-01   -1.9322934285e-01   -1.0238972945e+00    1.2089551541e+02    4.1929889649e+01    3.3500000000e+00
    3.0274780566e+02    6.2613160413e+01   -1.2532000841e+04   -3.8375619806e+00    2.4804911975e+00   -1.2266260530e-01   -1.8503031985e-03   -5.9092787342e-02   -1.4673892418e+00    1.2139551541e+02    4.1973868118e+01    3.3500000000e+00
    3.0090857312e+02    6.2232777269e+01   -1.2525460334e+04   -3.7674974271e+00    1.2697619198e+00   -1.9900780239e-01   -1.7539883714e-01    6.8223855964e-02   -1.3268136165e+00    1.2189551541e+02    4.2022712552e+01    3.3500000000e+00
    2.9330895052e+02    6.0661051958e+01   -1.2530309959e+04   -3.0274524424e+00   -9.2521885017e-02   -1.0885900615e-01    1.1601041877e-01    3.1112626551e-01   -2.6524519399e-01    1.2239551541e+02    4.1990729027e+01    3.3500000000e+00
    2.9880949112e+02    6.1798653039e+01   -1.2529410175e+04   -3.0953189038e+00    2.3874392940e+00   -1.0468415291e-01   -2.6393747088e-02    8.6818829526e-03   -1.0791210839e+00    1.2289551541e+02    4.2006001449e+01    3.3500000000e+00
    2.9566482278e+02    6.1148284582e+01   -1.2525491669e+04   -3.0222328483e+00    6.4048870702e-01   -1.4955523046e-01   -7.2370546207e-02   -5.6432578063e-02   -2.4662363640e+00    1.2339551541e+02    4.2046460464e+01    3.3500000000e+00
    2.9376358483e+02    6.0755077713e+01   -1.2527390065e+04   -3.1138506910e+00    2.3822077000e+00   -1.5275377329e-01   -2.4139513068e-02    6.9720103067e-02   -7.0926048615e-01    1.2389551541e+02    4.2045285330e+01    3.3500000000e+00
    2.9587606540e+02    6.1191972985e+01   -1.2529894187e+04   -8.1555857231e-02    8.4256154756e-01   -1.5007966098e-01    3.4624016141e-02   -2.1499831725e-02    2.2910741183e-01    1.2439551541e+02    4.2080006154e+01    3.3500000000e+00
    3.0088794311e+02    6.2228510648e+01   -1.2531729941e+04   -2.2348184905e-01    3.3175088294e+00   -4.5796449950e-02   -7.2549861147e-02    5.4176369000e-02   -9.0888001321e-01    1.2489551541e+02    4.2117789297e+01    3.3500000000e+00
    2.9494780359e+02    6.0999993375e+01   -1.2532063542e+04   -1.1558981528e+00    2.3292593699e+00   -6.8391215299e-02   -5.5826651790e-02   -1.5057472009e-02    8.2692405567e-01    1.2539551541e+02    4.2155198664e+01    3.3500000000e+00
    3.0046532767e+02    6.2141106915e+01   -1.2532467719e+04   -1.1011891483e+00    8.1009119725e-01   -1.5748468774e-01   -1.7088356090e-01   -8.6933843125e-02    2.1144438253e-01    1.2589551541e+02    4.2188531697e+01    3.3500000000e+00
    3.0468427185e+02    6.3013653053e+01   -1.2529637613e+04   -8.1541752731e-01    1.9864684128e+00   -1.1678219148e-01   -5.3724736611e-02    9.8621382905e-02   -6.1472763492e-01    1.2639551541e+02    4.2235394957e+01    3.3500000000e+00
    3.0975633154e+02    6.4062637328e+01   -1.2530893384e+04   -2.0590289802e+00    1.2234530381e+00   -6.8999898240e-02    4.9576664906e-02    4.1615453224e-02   -1.3239537300e-01    1.2689551541e+02    4.2272388669e+01    3.3500000000e+00
    3.0311954673e+02    6.2690042501e+01   -1.2529670269e+04   -2.2891668192e+00    1.0962915806e+00   -1.0856559985e-01    5.4942049270e-02    1.0668174054e-01   -1.4691830912e+00    1.2739551541e+02    4.2298129764e+01    3.3500000000e+00
    2.9548149160e+02    6.1110368719e+01   -1.2531283456e+04   -2.9088756484e+00    2.5112880023e+00   -5.9842459428e-02   -5.4569657067e-03   -3.2968039016e-02   -2.7369590160e-01    1.2789551541e+02    4.2307128642e+01    3.3500000000e+00
    3.0927956804e+02    6.3964034897e+01   -1.2531895818e+04   -3.3861567407e+00   -5.3417634003e-02   -7.4862088691e-02    2.7554692966e-02    6.9031406354e-03   -1.1582275912e+00    1.2839551541e+02    4.2324429156e+01    3.3500000000e+00
    3.0641499888e+02    6.3371595497e+01   -1.2529093743e+04   -3.9622788363e+00    1.2793794098e+00   -8.6262199112e-02    3.3149749083e-02    7.5618988235e-02   -1.6270531497e+00    1.2889551541e+02    4.2359146707e+01    3.3500000000e+00
    3.0688566219e+02    6.3468936309e+01   -1.2530971429e+04   -2.3033829605e+00    5.1312220760e-01   -3.0011063991e-02   -2.0700718966e-01   -1.6870213481e-02   -6.9162721021e-01    1.2939551541e+02    4.2356736627e+01    3.3500000000e+00
    3.0491053670e+02    6.3060448297e+01   -1.2529383660e+04   -3.6198592848e+00    1.6020347053e+00   -8.5322906268e-02   -3.7838634710e-02   -3.0040726565e-02   -8.6097633048e-01    1.2989551541e+02    4.2359964617e+01    3.3500000000e+00
    2.9546704123e+02    6.1107380147e+01   -1.2530218074e+04   -3.0150710429e+00    8.1495402403e-01   -6.3901287050e-02   -5.0465887719e-02    3.1706526086e-02   -2.1283921936e+00    1.3039551541e+02    4.2366209428e+01    3.3500000000e+00
    2.9921622692e+02    6.1882772605e+01   -1.2525893481e+04   -4.3067038974e+00    6.2151674206e-01   -7.0898566034e-02   -8.5120309554e-02    3.3403450917e-02   -1.1245151678e+00    1.3089551541e+02    4.2376790937e+01    3.3500000000e+00
    3.0226352931e+02    6.2513004204e+01   -1.2525837296e+04   -3.7075269055e+00    2.9336332476e-01   -5.5943371759e-02   -7.9541157701e-02   -4.0469342009e-02   -2.2363938782e+00    1.3139551541e+02    4.2375400798e+01    3.3500000000e+00
    2.9626166806e+02    6.1271721875e+01   -1.2524822744e+04   -4.2269036295e+00    1.0650812894e+00   -3.6928172908e-02   -9.7522697398e-02    8.7764112901e-02   -1.9266009130e+00    1.3189551541e+02    4.2358276067e+01    3.3500000000e+00
    3.0275961630e+02    6.2615603044e+01   -1.2525954601e+04   -2.9336950632e+00    3.8987192633e-01   -6.4937269361e-02   -2.5725503238e-03   -3.3098204599e-02    4.5995574358e-01    1.3239551541e+02    4.2368895628e+01    3.3500000000e+00
    2.9072624973e+02    6.0126907512e+01   -1.2527471316e+04   -2.0246205662e+00    1.2614517323e+00   -8.8582080478e-02   -1.2350643272e-02   -1.2213945085e-01   -3.7000404166e-01    1.3289551541e+02    4.2397245977e+01    3.3500000000e+00
    2.9613237510e+02    6.1244981991e+01   -1.2529007979e+04   -2.3110724544e+00    6.9443686648e-01   -7.7570193477e-02   -5.4988624081e-02    5.2397775018e-03   -8.8250661406e-01    1.3339551541e+02    4.2389754742e+01    3.3500000000e+00
    3.0730455391e+02    6.3555569916e+01   -1.2529862981e+04   -3.1138471340e+00    5.8608530688e-01   -4.2887087498e-02   -1.1775826206e-01   -2.2855467098e-02    5.4255574015e-02    1.3389551541e+02    4.2406939419e+01    3.3500000000e+00
    2.8922338027e+02    5.9816089714e+01   -1.2529110656e+04   -3.2336964084e+00    4.3845071770e-01   -6.4760019171e-02    8.4285577649e-03    3.6806839549e-02   -5.4871793953e-01    1.3439551541e+02    4.2410502189e+01    3.3500000000e+00
    2.9828014820e+02    6.1689176332e+01   -1.2528303248e+04   -3.4604596310e+00    1.0592905703e+00   -3.2511705800e-02    4.7869964876e-02    2.8099282163e-02   -1.0537215370e+00    1.3489551541e+02    4.2386710078e+01    3.3500000000e+00
    2.9924797422e+02    6.1889338461e+01   -1.2525961257e+04   -4.0302339301e+00    9.7849518516e-01   -5.7076578920e-02    6.5612120446e-02    2.9154481528e-02   -7.9833079629e-01    1.3539551541e+02    4.2400640556e+01    3.3500000000e+00
    2.9439555298e+02    6.0885778984e+01   -1.2525784289e+04   -3.2459795271e+00    4.1185006962e-01   -4.8388777097e-02   -1.0470636381e-02    2.3174830806e-02   -1.2920567733e+00    1.3589551541e+02    4.2418085444e+01    3.3500000000e+00
    2.9657028168e+02    6.1335548180e+01   -1.2526234813e+04   -3.1740748407e+00    5.9690894934e-01   -3.9661296309e-02   -2.8744957348e-02   -1.4251471691e-01   -1.2608879201e+00    1.3639551541e+02    4.2418907407e+01    3.3500000000e+00
    2.9955212625e+02    6.1952242038e+01   -1.2519410771e+04   -4.6963053249e+00    1.4332803507e-01   -9.1615647126e-02   -8.4988274329e-02    7.6513219739e-02   -1.2049650176e+00    1.3689551541e+02    4.2436954070e+01    3.3500000000e+00
    3.1037023161e+02    6.4189601827e+01   -1.2519314362e+04   -5.5254039894e+00    1.4914431801e-01   -4.1917707807e-02   -1.1086993105e-02    1.9081406382e-02   -2.2339522774e+00    1.3739551541e+02    4.2461351128e+01    3.3500000000e+00
    2.9819280864e+02    6.1671113091e+01   -1.2516763553e+04   -4.9428824695e+00    2.7619199193e-01   -4.2567961058e-02   -6.2649066804e-02   -1.8260410077e-02   -2.7849269466e+00    1.3789551541e+02    4.2451678800e+01    3.3500000000e+00
    2.9578829251e+02    6.1173820126e+01   -1.2513492922e+04   -4.9642871000e+00   -9.6207999992e-02   -5.4259690767e-02    3.2762233176e-02    1.6535617326e-01   -1.6581727075e+00    1.3839551541e+02    4.2448255684e+01    3.3500000000e+00
    3.0098366814e+02    6.2248308138e+01   -1.2523657203e+04   -2.6541669958e+00   -1.0812318226e-01   -1.7285643681e-02    6.5412731662e-02    5.6182719905e-02   -1.1260794640e-01    1.3889551541e+02    4.2474996443e+01    3.3500000000e+00
    3.0656442906e+02    6.3402500084e+01   -1.2523368811e+04   -3.5305118414e+00   -1.6798887736e-01   -3.2080505249e-02   -1.6978176173e-02   -6.4024245347e-02   -1.7869484433e+00    1.3939551541e+02    4.2443879408e+01    3.3500000000e+00
    3.0460138349e+02    6.2996510396e+01   -1.2520774855e+04   -4.6305522312e+00   -7.1334956879e-01   -4.5949698705e-02    2.6834908385e-02    1.8873000561e-02   -1.9093484659e+00    1.3989551541e+02    4.2474804701e+01    3.3500000000e+00
    3.0690605308e+02    6.3473153477e+01   -1.2518555098e+04   -5.5558914928e+00   -4.0422144248e-03   -3.9412620936e-02    4.6349562792e-02   -1.8071077699e-02   -7.3644441052e-01    1.4039551541e+02    4.2479164629e+01    3.3500000000e+00
    2.9753394214e+02    6.1534848805e+01   -1.2517904527e+04   -6.3279727771e+00   -1.6042499064e-01   -4.6475192383e-02    5.6514845314e-02   -2.9126474925e-03   -1.8316486431e+00    1.4089551541e+02    4.2473475945e+01    3.3500000000e+00
    3.0341306268e+02    6.2750746362e+01   -1.2523968745e+04    1.2729570702e+00    3.0126387883e-01   -3.9655915970e-02    1.2419517762e-01    9.0493948493e-02   -5.3387190716e-03    1.4139551541e+02    4.2498141465e+01    3.3500000000e+00
    3.1631372679e+02    6.5418813105e+01   -1.2524857914e+04    7.8228355204e-01    6.8378110948e-01   -3.7758209921e-02    1.0515629432e-02   -6.0216318363e-02   -6.8459964491e-01    1.4189551541e+02    4.2509786522e+01    3.3500000000e+00
    3.0660724278e+02    6.3411354656e+01   -1.2524675120e+04    1.0299609554e+00    1.8303236905e-01    7.4652034401e-02   -1.0398227960e-01    1.3909342142e-01    3.0839849889e-01    1.4239551541e+02    4.2523779703e+01    3.3500000000e+00
    3.0217240019e+02    6.2494157221e+01   -1.2524638248e+04    1.0020438776e+00    4.4563092429e-01    7.6014561414e-02    1.6774086046e-02    3.7405330859e-01   -3.3455930148e-01    1.4289551541e+02    4.2530792985e+01    3.3500000000e+00
    3.0321476847e+02    6.2709735902e+01   -1.2523010839e+04   -1.0433725117e-01    1.0137496457e-02   -6.7005149713e-02   -6.9272054546e-02   -2.3430752333e-01   -1.1685354114e+00    1.4339551541e+02    4.2558115864e+01    3.3500000000e+00
    3.1085493038e+02    6.4289845400e+01   -1.2523685678e+04    1.4734538485e+00   -7.2202655307e-02   -3.6653155048e-02    6.8303734423e-02    2.6592903864e-02    7.1248232764e-01    1.4389551541e+02    4.2574201659e+01    3.3500000000e+00
    3.0648856172e+02    6.3386809486e+01   -1.2524581608e+04    6.0966022848e-01   -1.1216569270e-01    1.1290086158e-02    3.8936414195e-02    6.8927652597e-02   -3.3249294182e-01    1.4439551541e+02    4.2576506155e+01    3.3500000000e+00
    2.9198990824e+02    6.0388252603e+01   -1.2525363316e+04   -4.2897277910e-01   -4.3039127831e-01   -1.0392903850e-01   -8.8596364653e-02    5.1513005795e-02   -8.5257459990e-01    1.4489551541e+02    4.2568621729e+01    3.3500000000e+00
    2.9429852163e+02    6.0865711326e+01   -1.2521532688e+04   -1.5864471620e-01   -4.0034442129e-01   -3.4695487854e-02    1.4010366719e-01    1.0774422925e-01    4.4128860301e-01    1.4539551541e+02    4.2545791617e+01    3.3500000000e+00
    3.0294469465e+02    6.2653880253e+01   -1.2522225956e+04    2.6153815311e-01   -5.9446649304e-01   -2.2707480411e-02   -2.1224158727e-02    7.1531199511e-02   -6.2241387433e-01    1.4589551541e+02    4.2541308545e+01    3.3500000000e+00
    2.9244968053e+02    6.0483340976e+01   -1.2524201634e+04    5.4954079710e-01    1.1684649460e-01   -1.2133316043e-01    1.8788874258e-02    1.2343192317e-01   -3.5322392031e-01    1.4639551541e+02    4.2562126659e+01    3.3500000000e+00
    2.9478109983e+02    6.0965516332e+01   -1.2527756503e+04    3.1444183780e-01    1.4622185804e-01    2.5115244301e-02    2.6778606428e-02    1.4521509616e-01    3.8029527200e-01    1.4689551541e+02    4.2541672281e+01    3.3500000000e+00
    2.9941173188e+02    6.1923206205e+01   -1.2523485236e+04   -3.9148362901e-01   -3.8940070468e-01   -8.1428472957e-02   -5.4907263716e-03   -9.6352182065e-02   -5.1533520033e-01    1.4739551541e+02    4.2532174226e+01    3.3500000000e+00
    2.9582235227e+02    6.1180864238e+01   -1.2524214113e+04   -4.8905874938e-01    3.8245725729e-01   -9.2718149501e-02   -3.8739358929e-02   -6.4444753214e-02   -1.1295953808e-01    1.4789551541e+02    4.2524146743e+01    3.3500000000e+00
    3.0904726867e+02    6.3915991616e+01   -1.2524656471e+04    9.4285081465e-02   -2.6002716647e-01   -2.0105381880e-02   -2.0507269284e-03    1.4351204022e-02   -2.1584042290e-02    1.4839551541e+02    4.2522591361e+01    3.3500000000e+00
