   0.000000e+00   3.454243e+02   3.188240e+02   3.104785e+02   3.029743e+02   2.960116e+02   3.004155e+02   2.967998e+02   2.920424e+02   2.598684e+02  -9.306667e+00   8.376437e+00
   0.000000e+00   3.395473e+02   3.263397e+02   3.113031e+02   3.021653e+02   2.971016e+02   2.953399e+02   2.959141e+02   2.835063e+02   2.503569e+02  -1.286171e+01   1.377521e+01
   0.000000e+00   3.528920e+02   3.189691e+02   3.071013e+02   3.035753e+02   2.867837e+02   3.037641e+02   3.003905e+02   2.810447e+02   2.584713e+02  -1.805860e+01   1.800273e+01
   0.000000e+00   3.417124e+02   3.171218e+02   3.026264e+02   3.006001e+02   3.038414e+02   2.929996e+02   2.948876e+02   2.890256e+02   2.594664e+02  -2.325788e+01   2.430748e+01
   0.000000e+00   3.425374e+02   3.181014e+02   3.021093e+02   2.953521e+02   2.964528e+02   2.955037e+02   2.965794e+02   2.911042e+02   2.591896e+02  -2.891514e+01   3.026205e+01
   0.000000e+00   3.413099e+02   3.215812e+02   3.182873e+02   2.974271e+02   2.967188e+02   2.932066e+02   2.849967e+02   2.838873e+02   2.555298e+02  -3.390460e+01   3.616384e+01
   0.000000e+00   3.470903e+02   3.186748e+02   3.180022e+02   2.933321e+02   2.950680e+02   2.998445e+02   2.909107e+02   2.854734e+02   2.549530e+02  -4.025690e+01   4.153499e+01
   0.000000e+00   3.481337e+02   3.300656e+02   3.084942e+02   2.854360e+02   2.909088e+02   3.020568e+02   2.923302e+02   2.877215e+02   2.604991e+02  -4.614856e+01   4.935755e+01
   0.000000e+00   3.440401e+02   3.267549e+02   3.093848e+02   2.739995e+02   2.915474e+02   2.952503e+02   2.925782e+02   2.795783e+02   2.553269e+02  -5.322580e+01   5.733497e+01
   0.000000e+00   3.506035e+02   3.128869e+02   3.024303e+02   2.893909e+02   2.898596e+02   2.922654e+02   2.874191e+02   2.825491e+02   2.572553e+02  -6.011013e+01   6.601078e+01
   0.000000e+00   3.495588e+02   3.113439e+02   3.081090e+02   3.007942e+02   2.878509e+02   2.936557e+02   2.923457e+02   2.855884e+02   2.544079e+02  -6.961909e+01   6.990221e+01
   0.000000e+00   3.392728e+02   3.098336e+02   2.965582e+02   2.980697e+02   2.988535e+02   2.909591e+02   2.880878e+02   2.854486e+02   2.608056e+02  -7.298394e+01   8.042215e+01
   0.000000e+00   3.434772e+02   3.227727e+02   2.949510e+02   2.935301e+02   2.953711e+02   2.871150e+02   2.877882e+02   2.788948e+02   2.567114e+02  -8.356944e+01   8.650622e+01
   0.000000e+00   3.427303e+02   3.156067e+02   3.023154e+02   3.008521e+02   2.968437e+02   2.858565e+02   2.931734e+02   2.821159e+02   2.561011e+02  -9.044084e+01   9.298195e+01
   0.000000e+00   3.437835e+02   3.197792e+02   3.026550e+02   3.019896e+02   3.014487e+02   2.891597e+02   2.843103e+02   2.795661e+02   2.567441e+02  -9.744339e+01   9.850677e+01
   0.000000e+00   3.440331e+02   3.160401e+02   3.045360e+02   2.990684e+02   2.986202e+02   2.884120e+02   2.944500e+02   2.854616e+02   2.562045e+02  -1.013408e+02   1.048374e+02
   0.000000e+00   3.471947e+02   3.045901e+02   3.081849e+02   3.059382e+02   3.051505e+02   2.958333e+02   2.972408e+02   2.866092e+02   2.561870e+02  -1.093699e+02   1.090895e+02
   0.000000e+00   3.426328e+02   2.967627e+02   3.030724e+02   3.107834e+02   3.149895e+02   3.046298e+02   2.992046e+02   2.886275e+02   2.584040e+02  -1.162419e+02   1.166146e+02
   0.000000e+00   3.455886e+02   3.117659e+02   3.000024e+02   3.100807e+02   3.061169e+02   3.005827e+02   3.042440e+02   2.947860e+02   2.577169e+02  -1.248331e+02   1.237538e+02
   0.000000e+00   3.530076e+02   3.198612e+02   3.021451e+02   3.009930e+02   3.121074e+02   2.947169e+02   2.908883e+02   2.946869e+02   2.581206e+02  -1.313816e+02   1.312072e+02
   0.000000e+00   3.448277e+02   3.014094e+02   3.022293e+02   3.022583e+02   3.073840e+02   3.022900e+02   2.935395e+02   2.789928e+02   2.564960e+02  -1.345941e+02   1.387352e+02
   0.000000e+00   3.508332e+02   3.054147e+02   2.995279e+02   3.052567e+02   2.979973e+02   3.046965e+02   2.901592e+02   2.878085e+02   2.534187e+02  -1.430256e+02   1.450949e+02
   0.000000e+00   3.477245e+02   3.039008e+02   3.045525e+02   3.093381e+02   2.973254e+02   2.943419e+02   2.922581e+02   2.836520e+02   2.603453e+02  -1.478981e+02   1.516934e+02
   0.000000e+00   3.397478e+02   3.156755e+02   3.044700e+02   2.943014e+02   3.034610e+02   3.032462e+02   2.860614e+02   2.894906e+02   2.602058e+02  -1.541982e+02   1.563918e+02
   0.000000e+00   3.484715e+02   3.175496e+02   2.978837e+02   3.106808e+02   3.010387e+02   2.889591e+02   2.913641e+02   2.935116e+02   2.567337e+02  -1.593410e+02   1.619892e+02
   0.000000e+00   3.458746e+02   3.204006e+02   2.991695e+02   3.060590e+02   3.000103e+02   2.936927e+02   3.012342e+02   2.879867e+02   2.544820e+02  -1.661395e+02   1.684021e+02
   0.000000e+00   3.396684e+02   3.139998e+02   3.075783e+02   3.048194e+02   2.960789e+02   3.089606e+02   2.970697e+02   2.768408e+02   2.587897e+02  -1.730177e+02   1.733121e+02
   0.000000e+00   3.437010e+02   3.166132e+02   3.175271e+02   3.028134e+02   3.056680e+02   3.072946e+02   2.816709e+02   2.877832e+02   2.545079e+02  -1.797379e+02   1.793338e+02
   0.000000e+00   3.437223e+02   3.104227e+02   3.147908e+02   3.095340e+02   3.090319e+02   3.039599e+02   2.882657e+02   2.836597e+02   2.565527e+02  -1.845395e+02   1.817332e+02
   0.000000e+00   3.422051e+02   3.242977e+02   3.179250e+02   2.982639e+02   3.037573e+02   2.957711e+02   3.001502e+02   2.862929e+02   2.584837e+02  -1.933511e+02   1.909337e+02
   0.000000e+00   3.444428e+02   3.239880e+02   3.132126e+02   3.092222e+02   3.019826e+02   2.916517e+02   2.898813e+02   2.877278e+02   2.608388e+02  -1.981221e+02   1.954048e+02
   0.000000e+00   3.404804e+02   3.183356e+02   3.129465e+02   3.108555e+02   2.993625e+02   2.995595e+02   2.896188e+02   2.765556e+02   2.625287e+02  -2.005466e+02   2.032977e+02
   0.000000e+00   3.435776e+02   3.135172e+02   3.102703e+02   3.097223e+02   2.953721e+02   2.985740e+02   2.915772e+02   2.815181e+02   2.612115e+02  -2.104942e+02   2.070913e+02
   0.000000e+00   3.501808e+02   3.102901e+02   3.095996e+02   2.989007e+02   2.972570e+02   3.026432e+02   2.918587e+02   2.885379e+02   2.580896e+02  -2.140250e+02   2.141041e+02
   0.000000e+00   3.481006e+02   3.121031e+02   3.149943e+02   3.055211e+02   2.992033e+02   3.032123e+02   2.880931e+02   2.922379e+02   2.558637e+02  -2.213546e+02   2.189543e+02
   0.000000e+00   3.492913e+02   3.107966e+02   3.128014e+02   3.074782e+02   3.033202e+02   3.029245e+02   2.921753e+02   2.866227e+02   2.601443e+02  -2.268138e+02   2.265471e+02
   0.000000e+00   3.501845e+02   3.077672e+02   3.121095e+02   3.183397e+02   2.989807e+02   2.944646e+02   2.868828e+02   2.797274e+02   2.587191e+02  -2.307978e+02   2.354705e+02
   0.000000e+00   3.430253e+02   3.134869e+02   3.187550e+02   3.024494e+02   2.862564e+02   2.847207e+02   2.851807e+02   2.920511e+02   2.558259e+02  -2.364923e+02   2.406292e+02
   0.000000e+00   3.413552e+02   3.115416e+02   3.066928e+02   2.955742e+02   2.866367e+02   2.898399e+02   2.850576e+02   2.780380e+02   2.551447e+02  -2.419926e+02   2.499125e+02
   0.000000e+00   3.380155e+02   3.124969e+02   3.030961e+02   2.982911e+02   2.875672e+02   2.821537e+02   2.813733e+02   2.750438e+02   2.552210e+02  -2.480986e+02   2.553929e+02
   0.000000e+00   3.452627e+02   3.126952e+02   3.035697e+02   2.995009e+02   2.930967e+02   2.799843e+02   2.857569e+02   2.771508e+02   2.575050e+02  -2.546692e+02   2.604712e+02
   0.000000e+00   3.538820e+02   3.208188e+02   2.969899e+02   3.007445e+02   2.926540e+02   2.861127e+02   2.782016e+02   2.930444e+02   2.542492e+02  -2.647801e+02   2.683933e+02
   0.000000e+00   3.440024e+02   3.160354e+02   3.075554e+02   2.963661e+02   2.900617e+02   2.897875e+02   2.875446e+02   2.870983e+02   2.573737e+02  -2.699766e+02   2.735105e+02
   0.000000e+00   3.459070e+02   3.116941e+02   3.015160e+02   2.966169e+02   3.001809e+02   2.882989e+02   2.917489e+02   2.809708e+02   2.542541e+02  -2.753089e+02   2.803547e+02
   0.000000e+00   3.416357e+02   3.118813e+02   2.899682e+02   3.000356e+02   2.916897e+02   2.945639e+02   2.836076e+02   2.865124e+02   2.598946e+02  -2.833659e+02   2.872864e+02
   0.000000e+00   3.426458e+02   3.141885e+02   3.032962e+02   3.038727e+02   2.934731e+02   3.011211e+02   2.834887e+02   2.826651e+02   2.550870e+02  -2.897904e+02   2.933145e+02
   0.000000e+00   3.406248e+02   3.103792e+02   2.990311e+02   3.072112e+02   3.037790e+02   2.930765e+02   2.876518e+02   2.829736e+02   2.556003e+02  -2.947930e+02   2.988902e+02
   0.000000e+00   3.401663e+02   3.115115e+02   2.999086e+02   3.057951e+02   2.964846e+02   3.022694e+02   2.873573e+02   2.713969e+02   2.533676e+02  -3.001944e+02   3.069760e+02
   0.000000e+00   3.393421e+02   3.152659e+02   3.011909e+02   2.981882e+02   2.940778e+02   2.886351e+02   2.848642e+02   2.701732e+02   2.543990e+02  -3.050239e+02   3.110588e+02
   0.000000e+00   3.405193e+02   3.223803e+02   3.028605e+02   2.947315e+02   2.959207e+02   2.909022e+02   2.825201e+02   2.793087e+02   2.586570e+02  -3.132841e+02   3.156705e+02
   0.000000e+00   3.419560e+02   3.259751e+02   2.984469e+02   3.076641e+02   3.001336e+02   2.932667e+02   2.813189e+02   2.784003e+02   2.544127e+02  -3.194146e+02   3.233575e+02
   0.000000e+00   3.414795e+02   3.223125e+02   3.038727e+02   3.063501e+02   3.005862e+02   2.893480e+02   2.890313e+02   2.825902e+02   2.519716e+02  -3.261022e+02   3.291775e+02
   0.000000e+00   3.418560e+02   3.117381e+02   3.086510e+02   3.077062e+02   2.936338e+02   2.926931e+02   2.994646e+02   2.760220e+02   2.543894e+02  -3.322179e+02   3.338167e+02
   0.000000e+00   3.505880e+02   3.180363e+02   3.088824e+02   2.992332e+02   2.978415e+02   2.993148e+02   2.935989e+02   2.803493e+02   2.530727e+02  -3.392443e+02   3.402649e+02
   0.000000e+00   3.435814e+02   3.113022e+02   3.007427e+02   3.021588e+02   3.056692e+02   3.011642e+02   2.937009e+02   2.886704e+02   2.555197e+02  -3.442571e+02   3.456630e+02
   0.000000e+00   3.415713e+02   3.094464e+02   3.159222e+02   3.098515e+02   3.038806e+02   3.059005e+02   2.977852e+02   2.846102e+02   2.587755e+02  -3.545682e+02   3.502889e+02
   0.000000e+00   3.416191e+02   3.191726e+02   3.302774e+02   3.152570e+02   2.961741e+02   3.013320e+02   2.983311e+02   2.751214e+02   2.549456e+02  -3.587842e+02   3.576853e+02
   0.000000e+00   3.419113e+02   3.141453e+02   3.175132e+02   3.165036e+02   2.962674e+02   2.891379e+02   2.885191e+02   2.797714e+02   2.620827e+02  -3.616123e+02   3.629600e+02
   0.000000e+00   3.418956e+02   3.212209e+02   3.099685e+02   3.058610e+02   2.973869e+02   2.920442e+02   2.882119e+02   2.939934e+02   2.597061e+02  -3.684369e+02   3.696333e+02
   0.000000e+00   3.448356e+02   3.102187e+02   3.117180e+02   3.199159e+02   2.988742e+02   2.977169e+02   2.855966e+02   2.860429e+02   2.573387e+02  -3.759278e+02   3.755211e+02
   0.000000e+00   3.456326e+02   3.161253e+02   3.076384e+02   3.032838e+02   3.047018e+02   3.024498e+02   2.960969e+02   2.861683e+02   2.602097e+02  -3.821757e+02   3.805691e+02
   0.000000e+00   3.501848e+02   3.118364e+02   3.090986e+02   3.080349e+02   3.103655e+02   3.097432e+02   2.935226e+02   2.928961e+02   2.561834e+02  -3.910315e+02   3.856292e+02
   0.000000e+00   3.476993e+02   3.169332e+02   3.210848e+02   3.136348e+02   3.093354e+02   3.068457e+02   2.984114e+02   2.891885e+02   2.552254e+02  -3.988662e+02   3.929661e+02
   0.000000e+00   3.470618e+02   3.271035e+02   3.216402e+02   3.118248e+02   2.985816e+02   3.069004e+02   2.912480e+02   2.948986e+02   2.577630e+02  -4.036387e+02   3.983292e+02
   0.000000e+00   3.446588e+02   3.213251e+02   3.191476e+02   3.129924e+02   3.000279e+02   3.046105e+02   3.004269e+02   2.973436e+02   2.604830e+02  -4.104982e+02   4.047764e+02
   0.000000e+00   3.454736e+02   3.200874e+02   3.048946e+02   3.068274e+02   3.019340e+02   3.129013e+02   2.967000e+02   2.876221e+02   2.592926e+02  -4.163838e+02   4.140782e+02
   0.000000e+00   3.389488e+02   3.208494e+02   3.125597e+02   3.084071e+02   3.032145e+02   2.923709e+02   2.912161e+02   2.873191e+02   2.566726e+02  -4.215615e+02   4.222545e+02
   0.000000e+00   3.351201e+02   3.195443e+02   3.127889e+02   3.100372e+02   3.011155e+02   2.910527e+02   2.851215e+02   2.809663e+02   2.588050e+02  -4.273666e+02   4.271599e+02
   0.000000e+00   3.376500e+02   3.144495e+02   3.070503e+02   3.016650e+02   2.974377e+02   2.937335e+02   2.853483e+02   2.844710e+02   2.591320e+02  -4.328382e+02   4.352083e+02
   0.000000e+00   3.419518e+02   3.127212e+02   3.064408e+02   3.039008e+02   2.977407e+02   3.009280e+02   2.903209e+02   2.824890e+02   2.561960e+02  -4.394730e+02   4.412300e+02
   0.000000e+00   3.510558e+02   3.120198e+02   3.001528e+02   3.104371e+02   2.919238e+02   2.930382e+02   2.916822e+02   2.822096e+02   2.573800e+02  -4.449181e+02   4.470282e+02
   0.000000e+00   3.481914e+02   3.096847e+02   2.997799e+02   3.139490e+02   2.916479e+02   2.940216e+02   2.877435e+02   2.875016e+02   2.593472e+02  -4.510465e+02   4.525478e+02
   0.000000e+00   3.426151e+02   3.097259e+02   3.124432e+02   3.040867e+02   2.953816e+02   2.970993e+02   2.889484e+02   2.810468e+02   2.559571e+02  -4.546460e+02   4.577139e+02
   0.000000e+00   3.435019e+02   3.077050e+02   3.026842e+02   2.923324e+02   2.996879e+02   2.909742e+02   2.895045e+02   2.861586e+02   2.566209e+02  -4.582750e+02   4.648310e+02
   0.000000e+00   3.356807e+02   3.068846e+02   3.026847e+02   2.927884e+02   2.998984e+02   2.907734e+02   2.831009e+02   2.818898e+02   2.507041e+02  -4.649466e+02   4.714742e+02
   0.000000e+00   3.482618e+02   3.126184e+02   3.145313e+02   2.999750e+02   3.009967e+02   2.861170e+02   2.759737e+02   2.705870e+02   2.503422e+02  -4.730243e+02   4.777881e+02
   0.000000e+00   3.498075e+02   3.070832e+02   3.152870e+02   3.008265e+02   3.047320e+02   2.841515e+02   2.780462e+02   2.684362e+02   2.543253e+02  -4.765831e+02   4.830865e+02
   0.000000e+00   3.474483e+02   3.001587e+02   3.038299e+02   3.083671e+02   3.046171e+02   2.880626e+02   2.775276e+02   2.779423e+02   2.561585e+02  -4.848873e+02   4.889886e+02
   0.000000e+00   3.475959e+02   3.157764e+02   3.053177e+02   3.132070e+02   2.965866e+02   2.890211e+02   2.741370e+02   2.824413e+02   2.558303e+02  -4.892919e+02   4.941673e+02
   0.000000e+00   3.482337e+02   3.087905e+02   3.141803e+02   3.124014e+02   3.004432e+02   2.893197e+02   2.843655e+02   2.866233e+02   2.491862e+02  -4.987688e+02   4.991590e+02
   0.000000e+00   3.455731e+02   3.123976e+02   3.157735e+02   3.160083e+02   2.991854e+02   2.948245e+02   2.941802e+02   2.719862e+02   2.569490e+02  -5.055013e+02   5.065511e+02
   0.000000e+00   3.475554e+02   3.117245e+02   3.156670e+02   3.115799e+02   2.945749e+02   2.952382e+02   2.893004e+02   2.889913e+02   2.573963e+02  -5.119350e+02   5.114531e+02
   0.000000e+00   3.481988e+02   3.198010e+02   3.193346e+02   2.947011e+02   2.968673e+02   2.963003e+02   2.915760e+02   2.879199e+02   2.624141e+02  -5.190552e+02   5.175151e+02
   0.000000e+00   3.465790e+02   3.106883e+02   3.089172e+02   3.030211e+02   3.052440e+02   2.913929e+02   2.883331e+02   2.875760e+02   2.598597e+02  -5.220714e+02   5.254866e+02
   0.000000e+00   3.469558e+02   3.043816e+02   3.103476e+02   3.158420e+02   3.063160e+02   2.994542e+02   2.895034e+02   2.771761e+02   2.568008e+02  -5.311205e+02   5.296795e+02
   0.000000e+00   3.463840e+02   3.069181e+02   3.107234e+02   3.091670e+02   3.031086e+02   3.057257e+02   2.991586e+02   2.893835e+02   2.523453e+02  -5.362878e+02   5.360497e+02
   0.000000e+00   3.471794e+02   3.065813e+02   3.079978e+02   3.088758e+02   3.045637e+02   2.998649e+02   2.915099e+02   2.870528e+02   2.603111e+02  -5.402855e+02   5.413924e+02
   0.000000e+00   3.426806e+02   3.089216e+02   3.064589e+02   3.070099e+02   2.970071e+02   3.014722e+02   2.972108e+02   2.864366e+02   2.605011e+02  -5.453027e+02   5.464141e+02
   0.000000e+00   3.451292e+02   3.150088e+02   3.119103e+02   3.044910e+02   2.906768e+02   2.934700e+02   3.005643e+02   2.819032e+02   2.583167e+02  -5.499807e+02   5.512810e+02
   0.000000e+00   3.404189e+02   3.226277e+02   3.089018e+02   2.940171e+02   2.954161e+02   3.038213e+02   2.967379e+02   2.834529e+02   2.554555e+02  -5.584820e+02   5.598091e+02
   0.000000e+00   3.448232e+02   3.201677e+02   3.175762e+02   3.104526e+02   3.023581e+02   2.930607e+02   2.882622e+02   2.790088e+02   2.544790e+02  -5.645057e+02   5.648803e+02
   0.000000e+00   3.423740e+02   3.282313e+02   3.116202e+02   3.139062e+02   2.914957e+02   2.926512e+02   2.826401e+02   2.772406e+02   2.585599e+02  -5.699594e+02   5.725109e+02
   0.000000e+00   3.497667e+02   3.147955e+02   3.073638e+02   3.047649e+02   3.044854e+02   3.004630e+02   2.959132e+02   2.781532e+02   2.532199e+02  -5.771947e+02   5.771164e+02
   0.000000e+00   3.445794e+02   3.251735e+02   3.110879e+02   3.041241e+02   2.882885e+02   3.003948e+02   2.865128e+02   2.911470e+02   2.548147e+02  -5.806444e+02   5.836172e+02
   0.000000e+00   3.476267e+02   3.234733e+02   3.110363e+02   3.010737e+02   2.990370e+02   2.921840e+02   2.822938e+02   2.802814e+02   2.517774e+02  -5.879481e+02   5.904618e+02
   0.000000e+00   3.482184e+02   3.129656e+02   3.152437e+02   3.086726e+02   2.943492e+02   2.970052e+02   2.850924e+02   2.843382e+02   2.525964e+02  -5.941751e+02   5.947788e+02
   0.000000e+00   3.431049e+02   3.228154e+02   3.175175e+02   3.046452e+02   2.968455e+02   2.913964e+02   2.751044e+02   2.942615e+02   2.595929e+02  -6.000395e+02   5.987085e+02
   0.000000e+00   3.498281e+02   3.178178e+02   3.202367e+02   2.990274e+02   3.041827e+02   2.872858e+02   2.892872e+02   2.944244e+02   2.559477e+02  -6.034703e+02   6.049141e+02
   0.000000e+00   3.425304e+02   3.113869e+02   3.143079e+02   3.087255e+02   3.046783e+02   2.961262e+02   2.905965e+02   2.902352e+02   2.549774e+02  -6.099444e+02   6.093785e+02
   0.000000e+00   3.431575e+02   3.188808e+02   3.127519e+02   3.005458e+02   3.064687e+02   2.832308e+02   2.989998e+02   2.981403e+02   2.554623e+02  -6.155949e+02   6.151263e+02
